2025-04-16 16:48:35,807 INFO Set uid to user 0 succeeded
2025-04-16 16:48:35,808 INFO supervisord started with pid 1
2025-04-16 16:48:36,809 INFO spawnerr: can't find command 'apache2-foreground'
2025-04-16 16:48:37,811 INFO spawnerr: can't find command 'apache2-foreground'
2025-04-16 16:48:39,814 INFO spawnerr: can't find command 'apache2-foreground'
2025-04-16 16:48:42,818 INFO spawnerr: can't find command 'apache2-foreground'
2025-04-16 16:48:42,818 INFO gave up: apache entered FATAL state, too many start retries too quickly
2025-04-16 16:49:12,851 WARN received SIGTERM indicating exit request
2025-04-16 16:49:16,004 INFO Set uid to user 0 succeeded
2025-04-16 16:49:16,006 INFO supervisord started with pid 1
2025-04-16 16:49:17,009 INFO spawned: 'apache' with pid 7
2025-04-16 16:49:18,054 INFO success: apache entered RUNNING state, process has stayed up for > than 1 seconds (startsecs)
2025-04-16 16:53:04,303 WARN received SIGTERM indicating exit request
2025-04-16 16:53:04,305 INFO waiting for apache to die
2025-04-16 16:53:04,306 WARN stopped: apache (terminated by SIGTERM)
2025-04-16 16:53:09,669 INFO Set uid to user 0 succeeded
2025-04-16 16:53:09,672 INFO supervisord started with pid 1
2025-04-16 16:53:10,674 INFO spawned: 'apache' with pid 7
2025-04-16 16:53:11,737 INFO success: apache entered RUNNING state, process has stayed up for > than 1 seconds (startsecs)
2025-04-16 17:02:28,456 WARN received SIGTERM indicating exit request
2025-04-16 17:02:28,459 INFO waiting for apache to die
2025-04-16 17:02:28,460 WARN stopped: apache (terminated by SIGTERM)
2025-04-16 17:02:44,966 INFO Set uid to user 0 succeeded
2025-04-16 17:02:44,968 INFO supervisord started with pid 1
2025-04-16 17:02:45,975 INFO spawned: 'apache' with pid 7
2025-04-16 17:02:47,033 INFO success: apache entered RUNNING state, process has stayed up for > than 1 seconds (startsecs)
2025-04-16 17:11:16,671 WARN received SIGTERM indicating exit request
2025-04-16 17:11:16,674 INFO waiting for apache to die
2025-04-16 17:11:16,674 WARN stopped: apache (terminated by SIGTERM)
2025-04-16 21:48:53,832 INFO Set uid to user 0 succeeded
2025-04-16 21:48:53,834 INFO supervisord started with pid 1
2025-04-16 21:48:54,836 INFO spawned: 'apache' with pid 7
2025-04-16 21:48:55,861 INFO success: apache entered RUNNING state, process has stayed up for > than 1 seconds (startsecs)
2025-04-16 21:49:36,900 WARN received SIGTERM indicating exit request
2025-04-16 21:49:36,900 INFO waiting for apache to die
2025-04-16 21:49:36,900 WARN stopped: apache (terminated by SIGTERM)
2025-04-16 21:50:12,079 INFO Set uid to user 0 succeeded
2025-04-16 21:50:12,080 INFO supervisord started with pid 1
2025-04-16 21:50:13,083 INFO spawned: 'apache' with pid 7
2025-04-16 21:50:14,095 INFO success: apache entered RUNNING state, process has stayed up for > than 1 seconds (startsecs)
2025-04-16 21:54:14,336 WARN received SIGTERM indicating exit request
2025-04-16 21:54:14,337 INFO waiting for apache to die
2025-04-16 21:54:14,337 WARN stopped: apache (terminated by SIGTERM)
2025-04-16 21:54:19,988 INFO Set uid to user 0 succeeded
2025-04-16 21:54:19,989 INFO supervisord started with pid 1
2025-04-16 21:54:20,991 INFO spawned: 'apache' with pid 7
2025-04-16 21:54:22,015 INFO success: apache entered RUNNING state, process has stayed up for > than 1 seconds (startsecs)
2025-04-16 22:00:20,383 WARN received SIGTERM indicating exit request
2025-04-16 22:00:20,383 INFO waiting for apache to die
2025-04-16 22:00:20,383 WARN stopped: apache (terminated by SIGTERM)
2025-04-16 22:00:43,644 INFO Set uid to user 0 succeeded
2025-04-16 22:00:43,645 INFO supervisord started with pid 1
2025-04-16 22:00:44,648 INFO spawned: 'apache' with pid 7
2025-04-16 22:00:45,674 INFO success: apache entered RUNNING state, process has stayed up for > than 1 seconds (startsecs)
2025-04-16 22:03:58,868 WARN received SIGTERM indicating exit request
2025-04-16 22:03:58,868 INFO waiting for apache to die
2025-04-16 22:03:58,869 WARN stopped: apache (terminated by SIGTERM)
2025-04-16 22:05:59,183 INFO Set uid to user 0 succeeded
2025-04-16 22:05:59,185 INFO supervisord started with pid 1
2025-04-16 22:06:00,187 INFO spawned: 'apache' with pid 7
2025-04-16 22:06:01,231 INFO success: apache entered RUNNING state, process has stayed up for > than 1 seconds (startsecs)
2025-04-16 22:07:02,582 INFO Set uid to user 0 succeeded
2025-04-16 22:07:02,584 INFO supervisord started with pid 1
2025-04-16 22:07:03,586 INFO spawned: 'apache' with pid 7
2025-04-16 22:07:04,630 INFO success: apache entered RUNNING state, process has stayed up for > than 1 seconds (startsecs)
2025-04-16 22:10:51,467 INFO Set uid to user 0 succeeded
2025-04-16 22:10:51,468 INFO supervisord started with pid 1
2025-04-16 22:10:52,471 INFO spawned: 'apache' with pid 7
2025-04-16 22:10:53,513 INFO success: apache entered RUNNING state, process has stayed up for > than 1 seconds (startsecs)
2025-04-16 22:14:24,750 INFO Set uid to user 0 succeeded
2025-04-16 22:14:24,751 INFO supervisord started with pid 1
2025-04-16 22:14:25,754 INFO spawned: 'apache' with pid 7
2025-04-16 22:14:26,798 INFO success: apache entered RUNNING state, process has stayed up for > than 1 seconds (startsecs)
2025-04-16 22:16:23,759 INFO Set uid to user 0 succeeded
2025-04-16 22:16:23,761 INFO supervisord started with pid 1
2025-04-16 22:16:24,763 INFO spawned: 'apache' with pid 7
2025-04-16 22:16:25,809 INFO success: apache entered RUNNING state, process has stayed up for > than 1 seconds (startsecs)
2025-04-16 22:21:38,552 INFO Set uid to user 0 succeeded
2025-04-16 22:21:38,553 INFO supervisord started with pid 1
2025-04-16 22:21:39,556 INFO spawned: 'apache' with pid 7
2025-04-16 22:21:40,599 INFO success: apache entered RUNNING state, process has stayed up for > than 1 seconds (startsecs)
2025-04-17 00:28:03,203 INFO Set uid to user 0 succeeded
2025-04-17 00:28:03,205 INFO supervisord started with pid 1
2025-04-17 00:28:04,207 INFO spawned: 'apache' with pid 7
2025-04-17 00:28:05,259 INFO success: apache entered RUNNING state, process has stayed up for > than 1 seconds (startsecs)
2025-04-17 00:29:33,999 INFO Set uid to user 0 succeeded
2025-04-17 00:29:34,000 INFO supervisord started with pid 1
2025-04-17 00:29:35,002 INFO spawned: 'apache' with pid 7
2025-04-17 00:29:36,050 INFO success: apache entered RUNNING state, process has stayed up for > than 1 seconds (startsecs)
